
----------------------------------
Using stored unhandled routes!.
   To discover new routes in the angular app use "npm run scully -- --scanRoutes"
----------------------------------The file ./blog/Angular & Scully Blog 0f63a5a3c98a4fceb55f867f6954346f/Captura_de_pantalla_2021-03-25_a_las_4.54.45.png has extension .png that has no plugin defined, scully will skip this file.The file ./blog/Angular & Scully Blog 0f63a5a3c98a4fceb55f867f6954346f/Captura_de_pantalla_2021-03-25_a_las_5.15.15.png has extension .png that has no plugin defined, scully will skip this file.The file ./blog/Angular & Scully Blog 0f63a5a3c98a4fceb55f867f6954346f/Captura_de_pantalla_2021-03-25_a_las_5.28.15.png has extension .png that has no plugin defined, scully will skip this file.The file ./blog/Angular & Scully Blog 0f63a5a3c98a4fceb55f867f6954346f/Captura_de_pantalla_2021-03-25_a_las_5.36.27.png has extension .png that has no plugin defined, scully will skip this file.The file ./blog/Angular & Scully Blog 0f63a5a3c98a4fceb55f867f6954346f/Captura_de_pantalla_2021-03-25_a_las_5.45.20.png has extension .png that has no plugin defined, scully will skip this file.The file ./blog/Angular & Scully Blog 0f63a5a3c98a4fceb55f867f6954346f/Captura_de_pantalla_2021-03-25_a_las_5.50.09.png has extension .png that has no plugin defined, scully will skip this file.The file ./blog/Angular & Scully Blog 0f63a5a3c98a4fceb55f867f6954346f/Captura_de_pantalla_2021-03-25_a_las_5.59.47.png has extension .png that has no plugin defined, scully will skip this file.The file ./blog/Angular & Scully Blog 0f63a5a3c98a4fceb55f867f6954346f/Captura_de_pantalla_2021-03-25_a_las_6.09.34.png has extension .png that has no plugin defined, scully will skip this file.The file ./blog/Angular & Scully Blog 0f63a5a3c98a4fceb55f867f6954346f/Captura_de_pantalla_2021-03-25_a_las_5.03.53 1.png has extension .png that has no plugin defined, scully will skip this file.The file ./blog/Angular & Scully Blog 0f63a5a3c98a4fceb55f867f6954346f/Captura_de_pantalla_2021-03-25_a_las_6.33.04.png has extension .png that has no plugin defined, scully will skip this file.The file ./blog/Angular & Scully Blog 0f63a5a3c98a4fceb55f867f6954346f/Captura_de_pantalla_2021-03-25_a_las_6.50.29.png has extension .png that has no plugin defined, scully will skip this file.The file ./blog/Angular & Scully Blog 0f63a5a3c98a4fceb55f867f6954346f/Captura_de_pantalla_2021-03-25_a_las_6.52.48.png has extension .png that has no plugin defined, scully will skip this file.The file ./blog/Angular & Scully Blog 0f63a5a3c98a4fceb55f867f6954346f/Captura_de_pantalla_2021-03-25_a_las_6.54.10.png has extension .png that has no plugin defined, scully will skip this file.The file ./blog/Angular & Scully Blog 0f63a5a3c98a4fceb55f867f6954346f/Captura_de_pantalla_2021-03-25_a_las_6.58.49.png has extension .png that has no plugin defined, scully will skip this file.The file ./blog/Angular & Scully Blog 0f63a5a3c98a4fceb55f867f6954346f/Captura_de_pantalla_2021-03-25_a_las_6.59.13.png has extension .png that has no plugin defined, scully will skip this file.The file ./blog/Angular & Scully Blog 0f63a5a3c98a4fceb55f867f6954346f/Captura_de_pantalla_2021-03-25_a_las_7.07.23.png has extension .png that has no plugin defined, scully will skip this file.The file ./blog/Angular & Scully Blog 0f63a5a3c98a4fceb55f867f6954346f/Captura_de_pantalla_2021-03-25_a_las_7.16.54.png has extension .png that has no plugin defined, scully will skip this file.The file ./blog/Angular & Scully Blog 0f63a5a3c98a4fceb55f867f6954346f/Captura_de_pantalla_2021-03-25_a_las_6.29.04.png has extension .png that has no plugin defined, scully will skip this file.The file ./blog/Angular & Scully Blog 0f63a5a3c98a4fceb55f867f6954346f/Captura_de_pantalla_2021-03-25_a_las_5.03.53.png has extension .png that has no plugin defined, scully will skip this file.The file ./blog/Angular & Scully Blog 0f63a5a3c98a4fceb55f867f6954346f/Captura_de_pantalla_2021-03-25_a_las_4.57.25.png has extension .png that has no plugin defined, scully will skip this file.





















----------------------------------
Using stored unhandled routes!.
   To discover new routes in the angular app use "npm run scully -- --scanRoutes"
----------------------------------
Error, while rendering text content into route "/blog/post-1", Cannot read property 'remove' of undefined

----------------------------------
Using stored unhandled routes!.
   To discover new routes in the angular app use "npm run scully -- --scanRoutes"
----------------------------------
Error, while rendering text content into route "/blog/post-3", Cannot read property 'remove' of undefinedError, while rendering text content into route "/blog/post-1", Cannot read property 'remove' of undefinedError, while rendering text content into route "/blog/post-2", Cannot read property 'remove' of undefined



----------------------------------
Using stored unhandled routes!.
   To discover new routes in the angular app use "npm run scully -- --scanRoutes"
----------------------------------The file ./blog/post1-md has extension  that has no plugin defined, scully will skip this file.


----------------------------------
Using stored unhandled routes!.
   To discover new routes in the angular app use "npm run scully -- --scanRoutes"
----------------------------------The file ./blog/post1-md has extension  that has no plugin defined, scully will skip this file.


      =====================================================================================================
      Config file "./scully.angular-jamstack-upgrade.config.ts" not found, only rendering routes without parameters
      The config file should have a name that is formated as:
          scully.<projectName>.config.ts
      where <projectName> is the name of the project as defined in the 'angular.json' file
      If you meant to build a different project as undefined you can use:
          --project differentProjectName as a cmd line option

      When you are in a mixed mono-repo you might need to use the --pjFirst flag.
       which will look for package.json instead of angular.json to find the 'root' of the project.
    =====================================================================================================
The option outDir isn't configured, using default folder "./dist/static/".No routes defined in ""



      =====================================================================================================
      Config file "./scully.angular-jamstack-upgrade.config.ts" not found, only rendering routes without parameters
      The config file should have a name that is formated as:
          scully.<projectName>.config.ts
      where <projectName> is the name of the project as defined in the 'angular.json' file
      If you meant to build a different project as angular-jamstack-upgrade you can use:
          --project differentProjectName as a cmd line option

      When you are in a mixed mono-repo you might need to use the --pjFirst flag.
       which will look for package.json instead of angular.json to find the 'root' of the project.
    =====================================================================================================
The option outDir isn't configured, using default folder "./dist/static/".No routes defined in ""



----------------------------------
Using stored unhandled routes!.
   To discover new routes in the angular app use "npm run scully -- --scanRoutes"
----------------------------------No configuration for route "/blog/:slug" found. Skipping


      =====================================================================================================
      Config file "./scully.angular-jamstack-upgrade.config.ts" not found, only rendering routes without parameters
      The config file should have a name that is formated as:
          scully.<projectName>.config.ts
      where <projectName> is the name of the project as defined in the 'angular.json' file
      If you meant to build a different project as undefined you can use:
          --project differentProjectName as a cmd line option

      When you are in a mixed mono-repo you might need to use the --pjFirst flag.
       which will look for package.json instead of angular.json to find the 'root' of the project.
    =====================================================================================================
The option outDir isn't configured, using default folder "./dist/static/".No routes defined in ""



----------------------------------
Using stored unhandled routes!.
   To discover new routes in the angular app use "npm run scully -- --scanRoutes"
----------------------------------The file ./blog/post1-md has extension  that has no plugin defined, scully will skip this file.

The file ./blog/post1-md has extension  that has no plugin defined, scully will skip this file.

----------------------------------
Using stored unhandled routes!.
   To discover new routes in the angular app use "npm run scully -- --scanRoutes"
----------------------------------The file ./blog/post1-md has extension  that has no plugin defined, scully will skip this file.


----------------------------------
Using stored unhandled routes!.
   To discover new routes in the angular app use "npm run scully -- --scanRoutes"
----------------------------------The file ./blog/post1-md has extension  that has no plugin defined, scully will skip this file.


----------------------------------
Using stored unhandled routes!.
   To discover new routes in the angular app use "npm run scully -- --scanRoutes"
----------------------------------

----------------------------------
Using stored unhandled routes!.
   To discover new routes in the angular app use "npm run scully -- --scanRoutes"
----------------------------------Content file "./blog/post2.md" has no content!

Content file "./blog/post2.md" has no content!
Content file "./blog/post2.md" has no content!

----------------------------------
Using stored unhandled routes!.
   To discover new routes in the angular app use "npm run scully -- --scanRoutes"
----------------------------------Content file "./blog/post2.md" has no content!

Content file "./blog/post2.md" has no content!
Content file "./blog/post2.md" has no content!

----------------------------------
Using stored unhandled routes!.
   To discover new routes in the angular app use "npm run scully -- --scanRoutes"
----------------------------------Content file "./blog/post2.md" has no content!

Content file "./blog/post2.md" has no content!
Content file "./blog/post2.md" has no content!

----------------------------------
Using stored unhandled routes!.
   To discover new routes in the angular app use "npm run scully -- --scanRoutes"
----------------------------------

----------------------------------
Using stored unhandled routes!.
   To discover new routes in the angular app use "npm run scully -- --scanRoutes"
----------------------------------

----------------------------------
Using stored unhandled routes!.
   To discover new routes in the angular app use "npm run scully -- --scanRoutes"
----------------------------------

----------------------------------
Using stored unhandled routes!.
   To discover new routes in the angular app use "npm run scully -- --scanRoutes"
----------------------------------

----------------------------------
Using stored unhandled routes!.
   To discover new routes in the angular app use "npm run scully -- --scanRoutes"
----------------------------------

----------------------------------
Using stored unhandled routes!.
   To discover new routes in the angular app use "npm run scully -- --scanRoutes"
----------------------------------

----------------------------------
Using stored unhandled routes!.
   To discover new routes in the angular app use "npm run scully -- --scanRoutes"
----------------------------------

----------------------------------
Using stored unhandled routes!.
   To discover new routes in the angular app use "npm run scully -- --scanRoutes"
----------------------------------

----------------------------------
Using stored unhandled routes!.
   To discover new routes in the angular app use "npm run scully -- --scanRoutes"
----------------------------------

----------------------------------
Using stored unhandled routes!.
   To discover new routes in the angular app use "npm run scully -- --scanRoutes"
----------------------------------
